Arguments: 
  /usr/local/bin/node /Users/swathi.kasoju/.yarn/bin/yarn.js start-ios

PATH: 
  /Users/swathi.kasoju/.yarn/bin:/Users/swathi.kasoju/.config/yarn/global/node_modules/.bin:/usr/local/bin:/usr/bin:/bin:/usr/sbin:/sbin:/Users/swathi.kasoju/.yarn/bin:/Users/swathi.kasoju/.config/yarn/global/node_modules/.bin:/Users/swathi.kasoju/Library/Android/sdk//tools:/Users/swathi.kasoju/Library/Android/sdk//platform-tools:/Users/swathi.kasoju/Library/Android/sdk//tools:/Users/swathi.kasoju/Library/Android/sdk//platform-tools

Yarn version: 
  1.5.1

Node version: 
  8.9.4

Platform: 
  darwin x64

npm manifest: 
  No manifest

yarn manifest: 
  No manifest

Lockfile: 
  No lockfile

Trace: 
  Error: Couldn't find a package.json file in "/Users/swathi.kasoju/reactnative-arch-boilerplate"
      at new MessageError (/Users/swathi.kasoju/.yarn/lib/cli.js:186:110)
      at /Users/swathi.kasoju/.yarn/lib/cli.js:40048:15
      at Generator.next (<anonymous>)
      at step (/Users/swathi.kasoju/.yarn/lib/cli.js:98:30)
      at /Users/swathi.kasoju/.yarn/lib/cli.js:109:13
      at <anonymous>
